2014-02-20 09:30:21,584 - __main__ - INFO - Creating database
2014-02-20 09:32:24,456 - __main__ - INFO - The database exists
2014-02-20 09:32:24,456 - __main__ - INFO - Opened database successfully
2014-02-20 09:32:24,661 - __main__ - INFO - Table created successfully
2014-02-20 09:32:24,762 - __main__ - INFO - Table created successfully
2014-02-20 09:32:24,863 - __main__ - INFO - Table created successfully
2014-02-20 09:32:24,963 - __main__ - INFO - Table created successfully
2014-02-20 09:32:25,064 - __main__ - INFO - Table created successfully
2014-02-20 09:32:25,064 - __main__ - INFO - Drop all tables
2014-02-20 09:32:25,064 - __main__ - INFO - Records created  successfully
2014-02-20 09:35:32,914 - __main__ - INFO - The database exists
2014-02-20 09:35:32,914 - __main__ - INFO - Opened database successfully
2014-02-24 13:48:08,766 - __main__ - INFO - The database exists
2014-02-24 13:48:08,782 - __main__ - INFO - Opened database successfully
2014-02-24 13:59:34,357 - __main__ - INFO - The database exists
2014-02-24 13:59:34,358 - __main__ - INFO - Opened database successfully
2014-02-24 14:00:56,603 - __main__ - INFO - The database exists
2014-02-24 14:00:56,604 - __main__ - INFO - Opened database successfully
2014-02-24 14:01:20,357 - __main__ - INFO - The database exists
2014-02-24 14:01:20,359 - __main__ - INFO - Opened database successfully
2014-02-24 14:01:20,593 - __main__ - INFO - Table created successfully
2014-02-24 14:01:36,559 - __main__ - INFO - The database exists
2014-02-24 14:01:36,561 - __main__ - INFO - Opened database successfully
2014-02-24 14:01:37,288 - __main__ - INFO - Table created successfully
2014-02-24 14:01:37,414 - __main__ - INFO - Table created successfully
2014-02-24 14:01:37,540 - __main__ - INFO - Table created successfully
2014-02-24 14:01:37,666 - __main__ - INFO - Table created successfully
2014-02-24 14:01:37,784 - __main__ - INFO - Table created successfully
2014-02-24 14:01:37,919 - __main__ - INFO - Table created successfully
2014-02-24 14:01:37,919 - __main__ - INFO - Drop all tables
2014-02-24 14:01:37,920 - __main__ - INFO - Records created  successfully
2014-02-25 11:19:45,921 - __main__ - INFO - The database exists
2014-02-25 11:19:45,938 - __main__ - INFO - Opened database successfully
2014-02-25 11:20:39,404 - __main__ - INFO - Creating database
2014-02-25 11:20:39,516 - __main__ - INFO - Table created successfully
2014-02-25 11:20:39,642 - __main__ - INFO - Table created successfully
2014-02-25 11:20:39,769 - __main__ - INFO - Table created successfully
2014-02-25 11:20:39,911 - __main__ - INFO - Table created successfully
2014-02-25 11:20:40,047 - __main__ - INFO - Table created successfully
2014-02-25 11:20:40,174 - __main__ - INFO - Table created successfully
2014-02-25 13:40:58,898 - __main__ - INFO - Creating database
2014-02-25 13:40:59,013 - __main__ - INFO - Table created successfully
2014-02-25 13:40:59,148 - __main__ - INFO - Table created successfully
2014-02-25 13:40:59,293 - __main__ - INFO - Table created successfully
2014-02-25 13:40:59,444 - __main__ - INFO - Table created successfully
2014-02-25 13:40:59,578 - __main__ - INFO - Table created successfully
2014-02-25 13:40:59,721 - __main__ - INFO - Table created successfully
2014-02-25 13:49:08,070 - __main__ - INFO - The database exists
2014-02-25 13:49:08,072 - __main__ - INFO - Opened database successfully
2014-02-25 13:49:52,265 - __main__ - INFO - Creating database
2014-02-25 13:49:52,378 - __main__ - INFO - Table created successfully
2014-02-25 13:49:52,512 - __main__ - INFO - Table created successfully
2014-02-25 13:49:52,655 - __main__ - INFO - Table created successfully
2014-02-25 13:49:52,798 - __main__ - INFO - Table created successfully
2014-02-25 13:49:52,932 - __main__ - INFO - Table created successfully
2014-02-25 13:49:53,067 - __main__ - INFO - Table created successfully
2014-02-25 14:01:12,024 - __main__ - INFO - Creating database
2014-02-25 14:01:12,152 - __main__ - INFO - Table created successfully
2014-02-25 14:01:12,503 - __main__ - INFO - Table created successfully
2014-02-25 14:01:12,637 - __main__ - INFO - Table created successfully
2014-02-25 14:01:12,772 - __main__ - INFO - Table created successfully
2014-02-25 14:01:12,916 - __main__ - INFO - Table created successfully
2014-02-25 14:01:13,077 - __main__ - INFO - Table created successfully
2014-02-25 14:51:35,454 - __main__ - INFO - Creating database
2014-02-25 14:51:35,593 - __main__ - INFO - Table created successfully
2014-02-25 14:51:35,745 - __main__ - INFO - Table created successfully
2014-02-25 14:51:35,896 - __main__ - INFO - Table created successfully
2014-02-25 14:51:36,049 - __main__ - INFO - Table created successfully
2014-02-25 14:51:36,183 - __main__ - INFO - Table created successfully
2014-02-25 14:51:36,326 - __main__ - INFO - Table created successfully
2014-02-25 14:59:23,665 - __main__ - INFO - Creating database
2014-02-25 14:59:23,815 - __main__ - INFO - Table created successfully
2014-02-25 14:59:23,950 - __main__ - INFO - Table created successfully
2014-02-25 14:59:24,101 - __main__ - INFO - Table created successfully
2014-02-25 14:59:24,252 - __main__ - INFO - Table created successfully
2014-02-25 14:59:24,405 - __main__ - INFO - Table created successfully
2014-02-25 14:59:24,531 - __main__ - INFO - Table created successfully
2014-02-25 15:25:22,770 - __main__ - INFO - Creating database
2014-02-25 15:25:22,878 - __main__ - INFO - Table created successfully
2014-02-25 15:25:22,998 - __main__ - INFO - Table created successfully
2014-02-25 15:25:23,147 - __main__ - INFO - Table created successfully
2014-02-25 15:25:23,348 - __main__ - INFO - Table created successfully
2014-02-25 15:25:23,466 - __main__ - INFO - Table created successfully
2014-02-25 15:25:23,602 - __main__ - INFO - Table created successfully
2014-02-25 16:20:04,874 - __main__ - INFO - Creating database
2014-02-25 16:20:04,994 - __main__ - INFO - Table created successfully
2014-02-25 16:20:05,145 - __main__ - INFO - Table created successfully
2014-02-25 16:20:05,288 - __main__ - INFO - Table created successfully
2014-02-25 16:20:05,414 - __main__ - INFO - Table created successfully
2014-02-25 16:20:05,559 - __main__ - INFO - Table created successfully
2014-02-25 16:20:05,710 - __main__ - INFO - Table created successfully
2014-02-26 10:30:40,053 - __main__ - INFO - The database exists
2014-02-26 10:30:40,063 - __main__ - INFO - Opened database successfully
2014-02-26 10:30:41,079 - __main__ - INFO - Table created successfully
2014-02-26 10:30:41,222 - __main__ - INFO - Table created successfully
2014-02-26 10:30:41,357 - __main__ - INFO - Table created successfully
2014-02-26 10:30:41,534 - __main__ - INFO - Table created successfully
2014-02-26 10:30:41,694 - __main__ - INFO - Table created successfully
2014-02-26 10:30:41,837 - __main__ - INFO - Table created successfully
2014-02-26 10:31:20,769 - __main__ - INFO - The database exists
2014-02-26 10:31:20,772 - __main__ - INFO - Opened database successfully
2014-02-26 10:31:21,724 - __main__ - INFO - Table created successfully
2014-02-26 10:31:21,868 - __main__ - INFO - Table created successfully
2014-02-26 10:31:22,003 - __main__ - INFO - Table created successfully
2014-02-26 10:31:22,138 - __main__ - INFO - Table created successfully
2014-02-26 10:31:22,280 - __main__ - INFO - Table created successfully
2014-02-26 10:31:22,431 - __main__ - INFO - Table created successfully
2014-02-26 10:31:22,576 - __main__ - INFO - Table created successfully
2014-02-26 10:31:22,577 - __main__ - INFO - Drop all tables
2014-02-26 10:31:22,577 - __main__ - INFO - Records created  successfully
2014-02-26 10:37:47,588 - __main__ - INFO - Creating database
2014-02-26 10:37:47,725 - __main__ - INFO - Table created successfully
2014-02-26 10:37:47,868 - __main__ - INFO - Table created successfully
2014-02-26 10:37:48,003 - __main__ - INFO - Table created successfully
2014-02-26 10:37:48,321 - __main__ - INFO - Table created successfully
2014-02-26 10:37:48,474 - __main__ - INFO - Table created successfully
2014-02-26 10:37:48,618 - __main__ - INFO - Table created successfully
2014-02-26 10:37:48,768 - __main__ - INFO - Table created successfully
2014-02-26 12:08:27,747 - __main__ - INFO - The database exists
2014-02-26 12:08:27,759 - __main__ - INFO - Opened database successfully
2014-02-26 12:08:28,986 - __main__ - INFO - Table created successfully
2014-02-26 12:08:29,122 - __main__ - INFO - Table created successfully
2014-02-26 12:08:29,248 - __main__ - INFO - Table created successfully
2014-02-26 12:08:29,383 - __main__ - INFO - Table created successfully
2014-02-26 12:08:29,509 - __main__ - INFO - Table created successfully
2014-02-26 12:08:29,643 - __main__ - INFO - Table created successfully
2014-02-26 12:08:29,786 - __main__ - INFO - Table created successfully
2014-02-26 12:08:29,923 - __main__ - INFO - Table created successfully
2014-02-26 12:08:29,924 - __main__ - INFO - Drop all tables
2014-02-26 12:08:29,924 - __main__ - INFO - Records created  successfully
2014-02-26 14:23:40,445 - __main__ - INFO - The database exists
2014-02-26 14:23:40,447 - __main__ - INFO - Opened database successfully
2014-02-26 14:24:09,205 - __main__ - INFO - The database exists
2014-02-26 14:24:09,208 - __main__ - INFO - Opened database successfully
2014-02-26 14:24:10,363 - __main__ - INFO - Table created successfully
2014-02-26 14:24:10,498 - __main__ - INFO - Table created successfully
2014-02-26 14:24:10,632 - __main__ - INFO - Table created successfully
2014-02-26 14:24:10,769 - __main__ - INFO - Table created successfully
2014-02-26 14:24:10,911 - __main__ - INFO - Table created successfully
2014-02-26 14:24:11,029 - __main__ - INFO - Table created successfully
2014-02-26 14:24:11,172 - __main__ - INFO - Table created successfully
2014-02-26 14:24:11,315 - __main__ - INFO - Table created successfully
2014-02-26 14:24:11,316 - __main__ - INFO - Drop all tables
2014-02-26 14:24:11,316 - __main__ - INFO - Records created  successfully
2014-02-26 15:24:36,930 - __main__ - INFO - Creating database
2014-02-26 15:24:37,061 - __main__ - INFO - Table created successfully
2014-02-26 15:24:37,187 - __main__ - INFO - Table created successfully
2014-02-26 15:24:37,339 - __main__ - INFO - Table created successfully
2014-02-26 15:24:37,482 - __main__ - INFO - Table created successfully
2014-02-26 15:24:37,608 - __main__ - INFO - Table created successfully
2014-02-26 15:24:37,753 - __main__ - INFO - Table created successfully
2014-02-26 15:24:37,887 - __main__ - INFO - Table created successfully
2014-02-26 15:24:38,022 - __main__ - INFO - Table created successfully
